<?xml version="1.0" encoding="UTF-8"?>
<!-- Generated by org.testng.reporters.JUnitXMLReporter -->
<testsuite hostname="DESKTOP-LUCM8QV" ignored="1" name="chrome(failed)(failed)" tests="1" failures="0" timestamp="30 Sep 2018 12:15:21 GMT" time="13.529" errors="0">
  <testcase name="elementIsPresentOrNot" time="0.256" classname="testscript.TestCase1"/>
  <testcase name="titleVerify" time="0.0" classname="testscript.TestCase1">
    <ignored/>
  </testcase> <!-- titleVerify -->
</testsuite> <!-- chrome(failed)(failed) -->
