<?xml version="1.0" encoding="UTF-8"?>
<!-- Generated by org.testng.reporters.JUnitXMLReporter -->
<testsuite hostname="DESKTOP-LUCM8QV" ignored="0" name="Test" tests="1" failures="1" timestamp="29 Sep 2018 12:38:38 GMT" time="12.913" errors="0">
  <testcase name="@AfterClass quitbrowser" time="0.0" classname="testscript.TestCase1">
    <failure type="org.testng.TestNGException" message="
Can inject only one of &amp;lt;ITestContext, XmlTest&amp;gt; into a @AfterClass annotated quitbrowser.
For more information on native dependency injection please refer to http://testng.org/doc/documentation-main.html#native-dependency-injection">
      <![CDATA[org.testng.TestNGException: 
Can inject only one of <ITestContext, XmlTest> into a @AfterClass annotated quitbrowser.
For more information on native dependency injection please refer to http://testng.org/doc/documentation-main.html#native-dependency-injection
... Removed 23 stack frames]]>
    </failure>
  </testcase> <!-- @AfterClass quitbrowser -->
  <testcase name="titleVerify" time="0.015" classname="testscript.TestCase1">
    <failure type="java.lang.NullPointerException">
      <![CDATA[java.lang.NullPointerException
at testscript.TestCase1.titleVerify(TestCase1.java:24)
... Removed 25 stack frames]]>
    </failure>
  </testcase> <!-- titleVerify -->
</testsuite> <!-- Test -->
