<?xml version="1.0" encoding="UTF-8"?>
<!-- Generated by org.testng.reporters.JUnitXMLReporter -->
<testsuite hostname="DESKTOP-LUCM8QV" ignored="1" name="chrome(failed)" tests="12" failures="1" timestamp="30 Sep 2018 12:14:08 GMT" time="13.532" errors="0">
  <testcase name="elementIsPresentOrNot" time="0.272" classname="testscript.TestCase1">
    <skipped/>
  </testcase> <!-- elementIsPresentOrNot -->
  <testcase name="elementIsPresentOrNot" time="0.068" classname="testscript.TestCase1">
    <skipped/>
  </testcase> <!-- elementIsPresentOrNot -->
  <testcase name="elementIsPresentOrNot" time="0.072" classname="testscript.TestCase1">
    <skipped/>
  </testcase> <!-- elementIsPresentOrNot -->
  <testcase name="elementIsPresentOrNot" time="0.052" classname="testscript.TestCase1">
    <skipped/>
  </testcase> <!-- elementIsPresentOrNot -->
  <testcase name="elementIsPresentOrNot" time="0.04" classname="testscript.TestCase1">
    <skipped/>
  </testcase> <!-- elementIsPresentOrNot -->
  <testcase name="elementIsPresentOrNot" time="0.062" classname="testscript.TestCase1">
    <skipped/>
  </testcase> <!-- elementIsPresentOrNot -->
  <testcase name="elementIsPresentOrNot" time="0.063" classname="testscript.TestCase1">
    <skipped/>
  </testcase> <!-- elementIsPresentOrNot -->
  <testcase name="elementIsPresentOrNot" time="0.062" classname="testscript.TestCase1">
    <skipped/>
  </testcase> <!-- elementIsPresentOrNot -->
  <testcase name="elementIsPresentOrNot" time="0.063" classname="testscript.TestCase1">
    <skipped/>
  </testcase> <!-- elementIsPresentOrNot -->
  <testcase name="elementIsPresentOrNot" time="0.062" classname="testscript.TestCase1">
    <skipped/>
  </testcase> <!-- elementIsPresentOrNot -->
  <testcase name="elementIsPresentOrNot" time="0.063" classname="testscript.TestCase1">
    <skipped/>
  </testcase> <!-- elementIsPresentOrNot -->
  <testcase name="elementIsPresentOrNot" time="0.047" classname="testscript.TestCase1">
    <failure type="junit.framework.AssertionFailedError">
      <![CDATA[junit.framework.AssertionFailedError
at junit.framework.Assert.fail(Assert.java:47)
at junit.framework.Assert.assertTrue(Assert.java:20)
at junit.framework.Assert.assertTrue(Assert.java:27)
at testscript.TestCase1.elementIsPresentOrNot(TestCase1.java:33)
... Removed 25 stack frames]]>
    </failure>
  </testcase> <!-- elementIsPresentOrNot -->
  <testcase name="titleVerify" time="0.0" classname="testscript.TestCase1">
    <ignored/>
  </testcase> <!-- titleVerify -->
</testsuite> <!-- chrome(failed) -->
