<?xml version="1.0" encoding="UTF-8"?>
<testng-results skipped="0" failed="0" ignored="0" total="2" passed="2">
  <reporter-output>
  </reporter-output>
  <suite name="Suite" duration-ms="19244" started-at="2018-09-30T11:22:35Z" finished-at="2018-09-30T11:22:55Z">
    <groups>
    </groups>
    <test name="chrome" duration-ms="11816" started-at="2018-09-30T11:22:35Z" finished-at="2018-09-30T11:22:47Z">
      <class name="testscript.TestCase1">
        <test-method status="PASS" signature="launchBrowser(java.lang.String)[pri:0, instance:testscript.TestCase1@6093dd95]" name="launchBrowser" is-config="true" duration-ms="10850" started-at="2018-09-30T11:22:35Z" finished-at="2018-09-30T11:22:46Z">
          <params>
            <param index="0">
              <value>
                <![CDATA[chrome]]>
              </value>
            </param>
          </params>
          <reporter-output>
          </reporter-output>
        </test-method> <!-- launchBrowser -->
        <test-method status="PASS" signature="titleVerify()[pri:0, instance:testscript.TestCase1@6093dd95]" name="titleVerify" duration-ms="65" started-at="2018-09-30T11:22:46Z" finished-at="2018-09-30T11:22:46Z">
          <reporter-output>
          </reporter-output>
        </test-method> <!-- titleVerify -->
        <test-method status="PASS" signature="quitbrowser()[pri:0, instance:testscript.TestCase1@6093dd95]" name="quitbrowser" is-config="true" duration-ms="866" started-at="2018-09-30T11:22:46Z" finished-at="2018-09-30T11:22:47Z">
          <reporter-output>
          </reporter-output>
        </test-method> <!-- quitbrowser -->
      </class> <!-- testscript.TestCase1 -->
    </test> <!-- chrome -->
    <test name="ff" duration-ms="19244" started-at="2018-09-30T11:22:35Z" finished-at="2018-09-30T11:22:55Z">
      <class name="testscript.TestCase1">
        <test-method status="PASS" signature="launchBrowser(java.lang.String)[pri:0, instance:testscript.TestCase1@3fee9989]" name="launchBrowser" is-config="true" duration-ms="15786" started-at="2018-09-30T11:22:35Z" finished-at="2018-09-30T11:22:51Z">
          <params>
            <param index="0">
              <value>
                <![CDATA[ff]]>
              </value>
            </param>
          </params>
          <reporter-output>
          </reporter-output>
        </test-method> <!-- launchBrowser -->
        <test-method status="PASS" signature="titleVerify()[pri:0, instance:testscript.TestCase1@3fee9989]" name="titleVerify" duration-ms="20" started-at="2018-09-30T11:22:51Z" finished-at="2018-09-30T11:22:51Z">
          <reporter-output>
          </reporter-output>
        </test-method> <!-- titleVerify -->
        <test-method status="PASS" signature="quitbrowser()[pri:0, instance:testscript.TestCase1@3fee9989]" name="quitbrowser" is-config="true" duration-ms="3423" started-at="2018-09-30T11:22:51Z" finished-at="2018-09-30T11:22:55Z">
          <reporter-output>
          </reporter-output>
        </test-method> <!-- quitbrowser -->
      </class> <!-- testscript.TestCase1 -->
    </test> <!-- ff -->
  </suite> <!-- Suite -->
</testng-results>
